2021-09-23 11:32:22,872 INFO client.py Формирование сообщение для отправки на сервер
2021-09-23 11:32:22,872 INFO client.py Отправка сообщения серверу
2021-09-23 11:32:22,873 INFO client.py Обработка собщения от сервера
2021-09-23 11:32:22,873 INFO client.py Успешная обработка сообщения
2021-09-23 11:32:22,873 DEBUG client.py Ответ от сервера: {'response': 200}
2021-09-23 11:32:22,873 INFO client.py 200 : OK
2021-09-23 11:32:48,024 INFO client.py Формирование сообщение для отправки на сервер
2021-09-23 11:32:48,024 INFO client.py Отправка сообщения серверу
2021-09-23 11:32:48,025 INFO client.py Обработка собщения от сервера
2021-09-23 11:32:48,025 INFO client.py Успешная обработка сообщения
2021-09-23 11:32:48,025 DEBUG client.py Ответ от сервера: {'response': 200}
2021-09-23 11:32:48,025 INFO client.py 200 : OK
2021-09-23 13:42:35,381 INFO client.py Обработка собщения от сервера
2021-09-23 13:42:35,381 INFO client.py Успешная обработка сообщения
2021-09-23 13:42:35,381 INFO client.py Обработка собщения от сервера
2021-09-23 13:42:35,381 INFO client.py Формирование сообщение для отправки на сервер
2021-09-23 13:43:33,543 INFO client.py Обработка собщения от сервера
2021-09-23 13:43:33,543 ERROR client.py Невнрное сообщение, обработка невозможно
2021-09-23 13:43:33,543 INFO client.py Обработка собщения от сервера
2021-09-23 13:43:33,543 INFO client.py Успешная обработка сообщения
2021-09-23 13:43:33,543 INFO client.py Обработка собщения от сервера
2021-09-23 13:43:33,543 INFO client.py Формирование сообщение для отправки на сервер
